Arguments: 
  C:\Program Files\nodejs\node.exe C:\Users\Caleb\AppData\Roaming\npm\node_modules\yarn\bin\yarn.js start --offline

PATH: 
  C:\Users\Caleb\bin;C:\Program Files\Git\mingw64\bin;C:\Program Files\Git\usr\local\bin;C:\Program Files\Git\usr\bin;C:\Program Files\Git\usr\bin;C:\Program Files\Git\mingw64\bin;C:\Program Files\Git\usr\bin;C:\Users\Caleb\bin;C:\WINDOWS\system32;C:\WINDOWS;C:\WINDOWS\System32\Wbem;C:\WINDOWS\System32\WindowsPowerShell\v1.0;C:\Program Files\Git\cmd;C:\Program Files\MongoDB\Server\3.6\bin;C:\Program Files\dotnet;C:\Program Files\Microsoft SQL Server\130\Tools\Binn;C:\Program Files\nodejs;C:\WINDOWS\System32\OpenSSH;C:\Users\Caleb\AppData\Local\Microsoft\WindowsApps;C:\Program Files\Heroku\bin;C:\Program Files\Microsoft VS Code\bin;C:\Program Files\Java\jdk1.8.0_161\bin;C:\Users\Caleb\AppData\Roaming\npm;C:\Program Files\Git\usr\bin\vendor_perl;C:\Program Files\Git\usr\bin\core_perl

Yarn version: 
  1.5.1

Node version: 
  8.11.2

Platform: 
  win32 x64

npm manifest: 
  {
    "name": "mymernportfolio",
    "version": "1.0.0",
    "description": "",
    "main": "server.js",
    "scripts": {
      "test": "echo \"Error: no test specified\" && exit 1",
      "start": "node server.js"
    },
    "repository": {
      "type": "git",
      "url": "git+https://github.com/caldavid3227/MyMERNPortfolio.git"
    },
    "author": "Caleb Davidson",
    "license": "ISC",
    "bugs": {
      "url": "https://github.com/caldavid3227/MyMERNPortfolio/issues"
    },
    "homepage": "https://github.com/caldavid3227/MyMERNPortfolio#readme",
    "dependencies": {
      "body-parser": "^1.18.3",
      "express": "^4.16.3",
      "mongodb": "^3.0.10",
      "mongoose": "^5.1.5",
      "node": "^10.4.1",
      "react": "^16.4.1",
      "watchify": "^3.11.0",
      "yarn": "^1.7.0"
    }
  }

yarn manifest: 
  No manifest

Lockfile: 
  No lockfile

Trace: 
  Error: Command failed.
  Exit code: 1
  Command: C:\WINDOWS\system32\cmd.exe
  Arguments: /d /s /c node server.js --offline
  Directory: C:\Users\Caleb\MyMERNPortfolio
  Output:
  
      at ProcessTermError.MessageError (C:\Users\Caleb\AppData\Roaming\npm\node_modules\yarn\lib\cli.js:186:110)
      at new ProcessTermError (C:\Users\Caleb\AppData\Roaming\npm\node_modules\yarn\lib\cli.js:226:113)
      at ChildProcess.<anonymous> (C:\Users\Caleb\AppData\Roaming\npm\node_modules\yarn\lib\cli.js:30281:17)
      at emitTwo (events.js:126:13)
      at ChildProcess.emit (events.js:214:7)
      at maybeClose (internal/child_process.js:925:16)
      at Process.ChildProcess._handle.onexit (internal/child_process.js:209:5)
